2023-04-23 08:04:100 INFO  IthPharma :76 - I click On WhoWeAre
2023-04-23 08:04:564 INFO  IthPharma :83 - I verify Text[[ChromeDriver: chrome on WINDOWS (52966150fabb7b143c8203237a9d4ea2)] -> xpath: //strong[contains(text(),'COVID 19')]]
2023-04-23 08:04:842 INFO  IthPharma :90 - I click Registered Page[[ChromeDriver: chrome on WINDOWS (52966150fabb7b143c8203237a9d4ea2)] -> xpath: //a[contains(text(),'Register')]]
2023-04-23 08:04:171 INFO  IthPharma :105 - I enter UserName [[ChromeDriver: chrome on WINDOWS (52966150fabb7b143c8203237a9d4ea2)] -> xpath: /html/body/main/div/div/div/form/div[2]/div/div/input]
2023-04-23 08:04:329 INFO  IthPharma :111 - I enter Last name [[ChromeDriver: chrome on WINDOWS (52966150fabb7b143c8203237a9d4ea2)] -> xpath: //input[@name='passwordFormGroup:passwordFormGroup_body:password']]
2023-04-23 08:04:570 INFO  IthPharma :117 - I enter Company name  [[ChromeDriver: chrome on WINDOWS (52966150fabb7b143c8203237a9d4ea2)] -> xpath: //input[@name='confirmPasswordFormGroup:confirmPasswordFormGroup_body:confirmPassword']]
2023-04-23 08:04:765 INFO  IthPharma :123 - I enter Busienss Email [[ChromeDriver: chrome on WINDOWS (52966150fabb7b143c8203237a9d4ea2)] -> xpath: //input[@name='fullNameFormGroup:fullNameFormGroup_body:fullName']]
2023-04-23 08:04:946 INFO  IthPharma :128 - I enter Phone number [[ChromeDriver: chrome on WINDOWS (52966150fabb7b143c8203237a9d4ea2)] -> xpath: //input[@name='emailAddressFormGroup:emailAddressFormGroup_body:emailAddress']]
2023-04-23 08:04:184 INFO  IthPharma :133 - I enter total order [[ChromeDriver: chrome on WINDOWS (52966150fabb7b143c8203237a9d4ea2)] -> xpath: //input[@name='hospitalsFieldFormGroup:hospitalsFieldFormGroup_body:bonaFideHospitals']]
2023-04-23 08:04:487 INFO  IthPharma :144 - I verify Text[[ChromeDriver: chrome on WINDOWS (52966150fabb7b143c8203237a9d4ea2)] -> xpath: //p[contains(text(),'Passwords do not match')]]
2023-04-23 08:04:442 INFO  IthPharma :73 - I click Home Button[[ChromeDriver: chrome on WINDOWS (eb60492eecb973c07d461cb6765d8b12)] -> xpath: //header/ul[1]/li[1]/a[1]/span[1]/span[1]]
2023-04-23 08:04:236 INFO  IthPharma :79 - I verify Text[[ChromeDriver: chrome on WINDOWS (eb60492eecb973c07d461cb6765d8b12)] -> xpath: //strong[contains(text(),'COVID 19')]]
2023-04-23 08:04:333 INFO  IthPharma :86 - I click Registered Page[[ChromeDriver: chrome on WINDOWS (eb60492eecb973c07d461cb6765d8b12)] -> xpath: //a[contains(text(),'Register')]]
2023-04-23 08:04:705 INFO  IthPharma :101 - I enter UserName [[ChromeDriver: chrome on WINDOWS (eb60492eecb973c07d461cb6765d8b12)] -> xpath: /html/body/main/div/div/div/form/div[2]/div/div/input]
2023-04-23 08:04:806 INFO  IthPharma :107 - I enter Password [[ChromeDriver: chrome on WINDOWS (eb60492eecb973c07d461cb6765d8b12)] -> xpath: //input[@name='passwordFormGroup:passwordFormGroup_body:password']]
2023-04-23 08:04:929 INFO  IthPharma :113 - I enter Confirm Password  [[ChromeDriver: chrome on WINDOWS (eb60492eecb973c07d461cb6765d8b12)] -> xpath: //input[@name='confirmPasswordFormGroup:confirmPasswordFormGroup_body:confirmPassword']]
2023-04-23 08:04:54 INFO  IthPharma :119 - I enter Full Name  [[ChromeDriver: chrome on WINDOWS (eb60492eecb973c07d461cb6765d8b12)] -> xpath: //input[@name='fullNameFormGroup:fullNameFormGroup_body:fullName']]
2023-04-23 08:04:189 INFO  IthPharma :124 - I enter Email Adress [[ChromeDriver: chrome on WINDOWS (eb60492eecb973c07d461cb6765d8b12)] -> xpath: //input[@name='emailAddressFormGroup:emailAddressFormGroup_body:emailAddress']]
2023-04-23 08:04:381 INFO  IthPharma :129 - I enter Hospital [[ChromeDriver: chrome on WINDOWS (eb60492eecb973c07d461cb6765d8b12)] -> xpath: //input[@name='hospitalsFieldFormGroup:hospitalsFieldFormGroup_body:bonaFideHospitals']]
2023-04-23 08:04:875 INFO  IthPharma :140 - I verify Text[[ChromeDriver: chrome on WINDOWS (eb60492eecb973c07d461cb6765d8b12)] -> xpath: //p[contains(text(),'Passwords do not match')]]
